Arguments: 
  /home/sanketg/.nvm/versions/node/v16.14.2/bin/node /home/sanketg/.nvm/versions/node/v16.14.2/bin/yarn add @redux-toolkit

PATH: 
  /home/sanketg/bin:/usr/local/bin:/home/sanketg/bin:/usr/local/bin:/home/sanketg/.nvm/versions/node/v16.14.2/bin:/usr/local/sbin:/usr/local/bin:/usr/sbin:/usr/bin:/sbin:/bin:/usr/games:/usr/local/games:/snap/bin:/snap/bin

Yarn version: 
  1.22.18

Node version: 
  16.14.2

Platform: 
  linux x64

Trace: 
  Error: https://registry.yarnpkg.com/@redux-toolkit: Request "https://registry.yarnpkg.com/@redux-toolkit" returned a 405
      at Request.params.callback [as _callback] (/home/sanketg/.nvm/versions/node/v16.14.2/lib/node_modules/yarn/lib/cli.js:66147:18)
      at Request.self.callback (/home/sanketg/.nvm/versions/node/v16.14.2/lib/node_modules/yarn/lib/cli.js:140883:22)
      at Request.emit (node:events:526:28)
      at Request.<anonymous> (/home/sanketg/.nvm/versions/node/v16.14.2/lib/node_modules/yarn/lib/cli.js:141855:10)
      at Request.emit (node:events:526:28)
      at IncomingMessage.<anonymous> (/home/sanketg/.nvm/versions/node/v16.14.2/lib/node_modules/yarn/lib/cli.js:141777:12)
      at Object.onceWrapper (node:events:645:28)
      at IncomingMessage.emit (node:events:538:35)
      at endReadableNT (node:internal/streams/readable:1345:12)
      at processTicksAndRejections (node:internal/process/task_queues:83:21)

npm manifest: 
  {
    "name": "redux-tooklit",
    "version": "1.0.0",
    "description": "redux-toolkit",
    "main": "index.js",
    "repository": "git@github.com:Sanket-Gawande/redux-toolkit.git",
    "author": "sanket",
    "license": "MIT"
  }

yarn manifest: 
  No manifest

Lockfile: 
  No lockfile
